<?xml version="1.0" encoding="UTF-8"?>
<testsuite name="org.launchcode.techjobs.mvc.ApplicationTests" tests="1" skipped="0" failures="0" errors="0" timestamp="2021-11-16T01:20:17" hostname="DESKTOP-30U0E25" time="0.01">
  <properties/>
  <testcase name="contextLoads()" classname="org.launchcode.techjobs.mvc.ApplicationTests" time="0.01"/>
  <system-out><![CDATA[2021-11-15 19:20:14.210  INFO 20016 --- [    Test worker] .b.t.c.SpringBootTestContextBootstrapper : Neither @ContextConfiguration nor @ContextHierarchy found for test class [org.launchcode.techjobs.mvc.ApplicationTests], using SpringBootContextLoader
2021-11-15 19:20:14.213  INFO 20016 --- [    Test worker] o.s.t.c.support.AbstractContextLoader    : Could not detect default resource locations for test class [org.launchcode.techjobs.mvc.ApplicationTests]: no resource found for suffixes {-context.xml, Context.groovy}.
2021-11-15 19:20:14.213  INFO 20016 --- [    Test worker] t.c.s.AnnotationConfigContextLoaderUtils : Could not detect default configuration classes for test class [org.launchcode.techjobs.mvc.ApplicationTests]: ApplicationTests does not declare any static, non-private, non-final, nested classes annotated with @Configuration.
2021-11-15 19:20:14.218  INFO 20016 --- [    Test worker] .b.t.c.SpringBootTestContextBootstrapper : Found @SpringBootConfiguration org.launchcode.techjobs.mvc.Application for test class org.launchcode.techjobs.mvc.ApplicationTests
2021-11-15 19:20:14.223  INFO 20016 --- [    Test worker] .b.t.c.SpringBootTestContextBootstrapper : Loaded default TestExecutionListener class names from location [META-INF/spring.factories]: [org.springframework.boot.test.autoconfigure.restdocs.RestDocsTestExecutionListener, org.springframework.boot.test.autoconfigure.web.client.MockRestServiceServerResetTestExecutionListener, org.springframework.boot.test.autoconfigure.web.servlet.MockMvcPrintOnlyOnFailureTestExecutionListener, org.springframework.boot.test.autoconfigure.web.servlet.WebDriverTestExecutionListener, org.springframework.boot.test.autoconfigure.webservices.client.MockWebServiceServerTestExecutionListener, org.springframework.boot.test.mock.mockito.MockitoTestExecutionListener, org.springframework.boot.test.mock.mockito.ResetMocksTestExecutionListener, org.springframework.test.context.web.ServletTestExecutionListener, org.springframework.test.context.support.DirtiesContextBeforeModesTestExecutionListener, org.springframework.test.context.event.ApplicationEventsTestExecutionListener, org.springframework.test.context.support.DependencyInjectionTestExecutionListener, org.springframework.test.context.support.DirtiesContextTestExecutionListener, org.springframework.test.context.transaction.TransactionalTestExecutionListener, org.springframework.test.context.jdbc.SqlScriptsTestExecutionListener, org.springframework.test.context.event.EventPublishingTestExecutionListener]
2021-11-15 19:20:14.227  INFO 20016 --- [    Test worker] .b.t.c.SpringBootTestContextBootstrapper : Using TestExecutionListeners: [org.springframework.test.context.web.ServletTestExecutionListener@bac81b3, org.springframework.test.context.support.DirtiesContextBeforeModesTestExecutionListener@6cf5c0aa, org.springframework.test.context.event.ApplicationEventsTestExecutionListener@107abb84, org.springframework.boot.test.mock.mockito.MockitoTestExecutionListener@259d76fb, org.springframework.boot.test.autoconfigure.SpringBootDependencyInjectionTestExecutionListener@4a53cae2, org.springframework.test.context.support.DirtiesContextTestExecutionListener@861a392, org.springframework.test.context.event.EventPublishingTestExecutionListener@4d028f81, org.springframework.boot.test.autoconfigure.restdocs.RestDocsTestExecutionListener@3e60274, org.springframework.boot.test.autoconfigure.web.client.MockRestServiceServerResetTestExecutionListener@5736cc30, org.springframework.boot.test.autoconfigure.web.servlet.MockMvcPrintOnlyOnFailureTestExecutionListener@52ce8877, org.springframework.boot.test.autoconfigure.web.servlet.WebDriverTestExecutionListener@be96b28, org.springframework.boot.test.autoconfigure.webservices.client.MockWebServiceServerTestExecutionListener@38af2d83, org.springframework.boot.test.mock.mockito.ResetMocksTestExecutionListener@591931ea]

  .   ____          _            __ _ _
 /\\ / ___'_ __ _ _(_)_ __  __ _ \ \ \ \
( ( )\___ | '_ | '_| | '_ \/ _` | \ \ \ \
 \\/  ___)| |_)| | | | | || (_| |  ) ) ) )
  '  |____| .__|_| |_|_| |_\__, | / / / /
 =========|_|==============|___/=/_/_/_/
 :: Spring Boot ::                (v2.5.0)

2021-11-15 19:20:14.404  INFO 20016 --- [    Test worker] o.l.techjobs.mvc.ApplicationTests        : Starting ApplicationTests using Java 14.0.2 on DESKTOP-30U0E25 with PID 20016 (started by thela in C:\Users\thela\IdeaProjects\assignment-3-techjobs-mvc-edition-LLHamm)
2021-11-15 19:20:14.406  INFO 20016 --- [    Test worker] o.l.techjobs.mvc.ApplicationTests        : No active profile set, falling back to default profiles: default
2021-11-15 19:20:16.698  INFO 20016 --- [    Test worker] o.s.b.a.w.s.WelcomePageHandlerMapping    : Adding welcome page template: index
2021-11-15 19:20:17.400  INFO 20016 --- [    Test worker] o.l.techjobs.mvc.ApplicationTests        : Started ApplicationTests in 3.155 seconds (JVM running for 38.319)
2021-11-15 19:20:17.400  INFO 20016 --- [    Test worker] o.s.b.a.ApplicationAvailabilityBean      : Application availability state LivenessState changed to CORRECT
2021-11-15 19:20:17.402  INFO 20016 --- [    Test worker] o.s.b.a.ApplicationAvailabilityBean      : Application availability state ReadinessState changed to ACCEPTING_TRAFFIC
]]></system-out>
  <system-err><![CDATA[]]></system-err>
</testsuite>
